{
  "stats": {
    "suites": 1,
    "tests": 7,
    "passes": 1,
    "pending": 0,
    "failures": 6,
    "start": "2025-10-21T07:05:58.522Z",
    "end": "2025-10-21T07:13:24.928Z",
    "duration": 446406,
    "testsRegistered": 7,
    "passPercent": 14.285714285714285,
    "pendingPercent": 0,
    "other": 0,
    "hasOther": false,
    "skipped": 0,
    "hasSkipped": false
  },
  "results": [
    {
      "uuid": "0b872884-23c5-4e9c-9169-5db43702fd4f",
      "title": "",
      "fullFile": "cypress\\e2e\\02-quiz-promo-codes.cy.ts",
      "file": "cypress\\e2e\\02-quiz-promo-codes.cy.ts",
      "beforeHooks": [],
      "afterHooks": [],
      "tests": [],
      "suites": [
        {
          "uuid": "0fadc15a-35d8-4dcb-9587-280c403db0a6",
          "title": "Quiz and Promo Code System",
          "fullFile": "",
          "file": "",
          "beforeHooks": [],
          "afterHooks": [],
          "tests": [
            {
              "title": "should display quiz with first question",
              "fullTitle": "Quiz and Promo Code System should display quiz with first question",
              "timedOut": null,
              "duration": 8083,
              "state": "passed",
              "speed": "medium",
              "pass": true,
              "fail": false,
              "pending": false,
              "context": null,
              "code": "cy.contains('Test Your Spice Knowledge').should('be.visible');\ncy.contains('Which of our spices gives biryani its beautiful golden hue?').should('be.visible');",
              "err": {},
              "uuid": "f50c578b-ee8d-434a-a3ab-fcbb0c05d2c5",
              "parentUUID": "0fadc15a-35d8-4dcb-9587-280c403db0a6",
              "isHook": false,
              "skipped": false
            },
            {
              "title": "should complete quiz with perfect score and get QUIZMASTER15 promo",
              "fullTitle": "Quiz and Promo Code System should complete quiz with perfect score and get QUIZMASTER15 promo",
              "timedOut": null,
              "duration": 18935,
              "state": "failed",
              "speed": null,
              "pass": false,
              "fail": true,
              "pending": false,
              "context": null,
              "code": "// Correct answers for all 8 questions\nconst correctAnswers = [\n    'Himalayan Saffron', // Q1\n    'Kerala', // Q2\n    'Gluten-Free', // Q3\n    'Cool, dry, and dark place', // Q4\n    'Increases cholesterol', // Q5\n    '1-2 years', // Q6\n    'Indians', // Q7\n    'All of the above' // Q8\n];\n// Answer each question\ncorrectAnswers.forEach((answer, index) => {\n    // Click the answer\n    cy.contains('button', answer).click();\n    // Wait for feedback animation to complete (motion.div has 0.2s delay)\n    cy.wait(600);\n    if (index < correctAnswers.length - 1) {\n        // Click \"Next Question\" button - wait for it to be visible first\n        cy.contains('button', 'Next Question').should('be.visible').click();\n        cy.wait(500);\n    }\n    else {\n        // Click \"Finish Quiz\" button for last question\n        cy.contains('button', 'Finish Quiz').should('be.visible').click();\n        cy.wait(1000);\n    }\n});\n// Verify results screen\ncy.contains('Quiz Completed!').should('be.visible');\ncy.contains('Perfect Score!').should('be.visible');\ncy.contains('8').should('be.visible'); // Score 8/8\n// Verify QUIZMASTER15 promo code\ncy.contains('QUIZMASTER15').should('be.visible');\ncy.contains('15% off').should('be.visible');",
              "err": {
                "message": "AssertionError: Timed out retrying after 10000ms: Expected to find content: 'Next Question' within the selector: 'button' but never did.",
                "estack": "AssertionError: Timed out retrying after 10000ms: Expected to find content: 'Next Question' within the selector: 'button' but never did.\n    at eval (webpack://tattva-co.---indian-gourmet-products/./cypress/e2e/02-quiz-promo-codes.cy.ts:43:47)\nat Array.forEach (<anonymous>)\n    at Context.eval (webpack://tattva-co.---indian-gourmet-products/./cypress/e2e/02-quiz-promo-codes.cy.ts:34:19)",
                "diff": null
              },
              "uuid": "1d6f7fd2-274c-42d9-a304-2a8fe2319b9c",
              "parentUUID": "0fadc15a-35d8-4dcb-9587-280c403db0a6",
              "isHook": false,
              "skipped": false
            },
            {
              "title": "should complete quiz with 7/8 score and get SPICEFAN10 promo",
              "fullTitle": "Quiz and Promo Code System should complete quiz with 7/8 score and get SPICEFAN10 promo",
              "timedOut": null,
              "duration": 18857,
              "state": "failed",
              "speed": null,
              "pass": false,
              "fail": true,
              "pending": false,
              "context": null,
              "code": "// Answer 7 correctly, 1 wrong\nconst answers = [\n    'Himalayan Saffron', // Correct\n    'Kerala', // Correct\n    'Premium', // Wrong (should be Gluten-Free)\n    'Cool, dry, and dark place', // Correct\n    'Increases cholesterol', // Correct\n    '1-2 years', // Correct\n    'Indians', // Correct\n    'All of the above' // Correct\n];\nanswers.forEach((answer, index) => {\n    // Click the answer\n    cy.contains('button', answer).click();\n    // Wait for feedback animation to complete (motion.div has 0.2s delay)\n    cy.wait(600);\n    if (index < answers.length - 1) {\n        // Click \"Next Question\" button - wait for it to be visible first\n        cy.contains('button', 'Next Question').should('be.visible').click();\n        cy.wait(500);\n    }\n    else {\n        // Click \"Finish Quiz\" button for last question\n        cy.contains('button', 'Finish Quiz').should('be.visible').click();\n        cy.wait(1000);\n    }\n});\n// Verify results\ncy.contains('Quiz Completed!').should('be.visible');\ncy.contains('7').should('be.visible'); // Score 7/8\n// Verify SPICEFAN10 promo code\ncy.contains('SPICEFAN10').should('be.visible');\ncy.contains('10% off').should('be.visible');",
              "err": {
                "message": "AssertionError: Timed out retrying after 10000ms: Expected to find content: 'Next Question' within the selector: 'button' but never did.",
                "estack": "AssertionError: Timed out retrying after 10000ms: Expected to find content: 'Next Question' within the selector: 'button' but never did.\n    at eval (webpack://tattva-co.---indian-gourmet-products/./cypress/e2e/02-quiz-promo-codes.cy.ts:84:47)\nat Array.forEach (<anonymous>)\n    at Context.eval (webpack://tattva-co.---indian-gourmet-products/./cypress/e2e/02-quiz-promo-codes.cy.ts:75:12)",
                "diff": null
              },
              "uuid": "65430834-8d48-4026-9797-ed604c7cbd26",
              "parentUUID": "0fadc15a-35d8-4dcb-9587-280c403db0a6",
              "isHook": false,
              "skipped": false
            },
            {
              "title": "should copy promo code to clipboard",
              "fullTitle": "Quiz and Promo Code System should copy promo code to clipboard",
              "timedOut": null,
              "duration": 20915,
              "state": "failed",
              "speed": null,
              "pass": false,
              "fail": true,
              "pending": false,
              "context": null,
              "code": "// Complete quiz quickly with correct answers\nconst correctAnswers = [\n    'Himalayan Saffron', 'Kerala', 'Gluten-Free', 'Cool, dry, and dark place',\n    'Increases cholesterol', '1-2 years', 'Indians', 'All of the above'\n];\ncorrectAnswers.forEach((answer, index) => {\n    cy.contains('button', answer).click();\n    cy.wait(600);\n    if (index < correctAnswers.length - 1) {\n        cy.contains('button', 'Next Question').should('be.visible').click();\n        cy.wait(500);\n    }\n    else {\n        cy.contains('button', 'Finish Quiz').should('be.visible').click();\n        cy.wait(1000);\n    }\n});\n// Wait for results screen\ncy.contains('Quiz Completed!').should('be.visible');\n// Click Copy Code button\ncy.contains('button', 'Copy Code').click();\n// Verify toast notification\ncy.contains('Promo code copied').should('be.visible');",
              "err": {
                "message": "AssertionError: Timed out retrying after 10000ms: Expected to find content: 'Next Question' within the selector: 'button' but never did.",
                "estack": "AssertionError: Timed out retrying after 10000ms: Expected to find content: 'Next Question' within the selector: 'button' but never did.\n    at eval (webpack://tattva-co.---indian-gourmet-products/./cypress/e2e/02-quiz-promo-codes.cy.ts:114:47)\nat Array.forEach (<anonymous>)\n    at Context.eval (webpack://tattva-co.---indian-gourmet-products/./cypress/e2e/02-quiz-promo-codes.cy.ts:109:19)",
                "diff": null
              },
              "uuid": "5cf84cb0-7a08-44a9-bee6-ae26355cd02e",
              "parentUUID": "0fadc15a-35d8-4dcb-9587-280c403db0a6",
              "isHook": false,
              "skipped": false
            },
            {
              "title": "should allow replay of quiz",
              "fullTitle": "Quiz and Promo Code System should allow replay of quiz",
              "timedOut": null,
              "duration": 18413,
              "state": "failed",
              "speed": null,
              "pass": false,
              "fail": true,
              "pending": false,
              "context": null,
              "code": "// Complete quiz with correct answers\nconst correctAnswers = [\n    'Himalayan Saffron', 'Kerala', 'Gluten-Free', 'Cool, dry, and dark place',\n    'Increases cholesterol', '1-2 years', 'Indians', 'All of the above'\n];\ncorrectAnswers.forEach((answer, index) => {\n    cy.contains('button', answer).click();\n    cy.wait(600);\n    if (index < correctAnswers.length - 1) {\n        cy.contains('button', 'Next Question').should('be.visible').click();\n        cy.wait(500);\n    }\n    else {\n        cy.contains('button', 'Finish Quiz').should('be.visible').click();\n        cy.wait(1000);\n    }\n});\n// Wait for results\ncy.contains('Quiz Completed!').should('be.visible');\n// Click Play Again\ncy.contains('button', 'Play Again').click();\n// Verify back to question 1\ncy.contains('Which of our spices gives biryani').should('be.visible');",
              "err": {
                "message": "AssertionError: Timed out retrying after 10000ms: Expected to find content: 'Next Question' within the selector: 'button' but never did.",
                "estack": "AssertionError: Timed out retrying after 10000ms: Expected to find content: 'Next Question' within the selector: 'button' but never did.\n    at eval (webpack://tattva-co.---indian-gourmet-products/./cypress/e2e/02-quiz-promo-codes.cy.ts:144:47)\nat Array.forEach (<anonymous>)\n    at Context.eval (webpack://tattva-co.---indian-gourmet-products/./cypress/e2e/02-quiz-promo-codes.cy.ts:139:19)",
                "diff": null
              },
              "uuid": "08a64580-397c-492d-9180-a7924e990a55",
              "parentUUID": "0fadc15a-35d8-4dcb-9587-280c403db0a6",
              "isHook": false,
              "skipped": false
            },
            {
              "title": "should display progress bar and stats",
              "fullTitle": "Quiz and Promo Code System should display progress bar and stats",
              "timedOut": null,
              "duration": 19891,
              "state": "failed",
              "speed": null,
              "pass": false,
              "fail": true,
              "pending": false,
              "context": null,
              "code": "// Answer all questions with correct answers\nconst correctAnswers = [\n    'Himalayan Saffron', 'Kerala', 'Gluten-Free', 'Cool, dry, and dark place',\n    'Increases cholesterol', '1-2 years', 'Indians', 'All of the above'\n];\ncorrectAnswers.forEach((answer, index) => {\n    cy.contains('button', answer).click();\n    cy.wait(600);\n    if (index < correctAnswers.length - 1) {\n        cy.contains('button', 'Next Question').should('be.visible').click();\n        cy.wait(500);\n    }\n    else {\n        cy.contains('button', 'Finish Quiz').should('be.visible').click();\n        cy.wait(1000);\n    }\n});\n// Verify results screen with stats\ncy.contains('Quiz Completed!').should('be.visible');\ncy.contains('8 / 8').should('be.visible'); // Score display\ncy.contains('Perfect Score!').should('be.visible');",
              "err": {
                "message": "AssertionError: Timed out retrying after 10000ms: Expected to find content: 'Next Question' within the selector: 'button' but never did.",
                "estack": "AssertionError: Timed out retrying after 10000ms: Expected to find content: 'Next Question' within the selector: 'button' but never did.\n    at eval (webpack://tattva-co.---indian-gourmet-products/./cypress/e2e/02-quiz-promo-codes.cy.ts:174:47)\nat Array.forEach (<anonymous>)\n    at Context.eval (webpack://tattva-co.---indian-gourmet-products/./cypress/e2e/02-quiz-promo-codes.cy.ts:169:19)",
                "diff": null
              },
              "uuid": "2b21f520-3d98-4d7d-9058-2a94067c28f6",
              "parentUUID": "0fadc15a-35d8-4dcb-9587-280c403db0a6",
              "isHook": false,
              "skipped": false
            },
            {
              "title": "should apply promo code in checkout",
              "fullTitle": "Quiz and Promo Code System should apply promo code in checkout",
              "timedOut": null,
              "duration": 20929,
              "state": "failed",
              "speed": null,
              "pass": false,
              "fail": true,
              "pending": false,
              "context": null,
              "code": "// Complete quiz to get QUIZMASTER15 promo code\nconst correctAnswers = [\n    'Himalayan Saffron', 'Kerala', 'Gluten-Free', 'Cool, dry, and dark place',\n    'Increases cholesterol', '1-2 years', 'Indians', 'All of the above'\n];\ncorrectAnswers.forEach((answer, index) => {\n    cy.contains('button', answer).click();\n    cy.wait(600);\n    if (index < correctAnswers.length - 1) {\n        cy.contains('button', 'Next Question').should('be.visible').click();\n        cy.wait(500);\n    }\n    else {\n        cy.contains('button', 'Finish Quiz').should('be.visible').click();\n        cy.wait(1000);\n    }\n});\n// Verify promo code is displayed\ncy.contains('QUIZMASTER15').should('be.visible');\n// Store the promo code\nconst promoCode = 'QUIZMASTER15';\n// Add product to cart\ncy.visit('/');\ncy.wait(1000);\n// Find and click Add to Cart button\ncy.get('button').contains(/Add to Cart/i).first().click();\ncy.wait(1000);\n// Go to cart\ncy.get('a[href=\"#/cart\"], button').contains(/Cart/i).click();\ncy.wait(1000);\n// Go to checkout\ncy.contains('button', /Proceed to Checkout/i).click();\ncy.wait(1000);\n// Apply promo code using the custom command\ncy.applyPromoCode(promoCode);\n// Verify discount applied\ncy.contains('15% off').should('be.visible');",
              "err": {
                "message": "AssertionError: Timed out retrying after 10000ms: Expected to find content: 'Next Question' within the selector: 'button' but never did.",
                "estack": "AssertionError: Timed out retrying after 10000ms: Expected to find content: 'Next Question' within the selector: 'button' but never did.\n    at eval (webpack://tattva-co.---indian-gourmet-products/./cypress/e2e/02-quiz-promo-codes.cy.ts:200:47)\nat Array.forEach (<anonymous>)\n    at Context.eval (webpack://tattva-co.---indian-gourmet-products/./cypress/e2e/02-quiz-promo-codes.cy.ts:195:19)",
                "diff": null
              },
              "uuid": "1c32bd9c-8406-4c7f-b393-7268bf2a570a",
              "parentUUID": "0fadc15a-35d8-4dcb-9587-280c403db0a6",
              "isHook": false,
              "skipped": false
            }
          ],
          "suites": [],
          "passes": [
            "f50c578b-ee8d-434a-a3ab-fcbb0c05d2c5"
          ],
          "failures": [
            "1d6f7fd2-274c-42d9-a304-2a8fe2319b9c",
            "65430834-8d48-4026-9797-ed604c7cbd26",
            "5cf84cb0-7a08-44a9-bee6-ae26355cd02e",
            "08a64580-397c-492d-9180-a7924e990a55",
            "2b21f520-3d98-4d7d-9058-2a94067c28f6",
            "1c32bd9c-8406-4c7f-b393-7268bf2a570a"
          ],
          "pending": [],
          "skipped": [],
          "duration": 126023,
          "root": false,
          "rootEmpty": false,
          "_timeout": 2000
        }
      ],
      "passes": [],
      "failures": [],
      "pending": [],
      "skipped": [],
      "duration": 0,
      "root": true,
      "rootEmpty": true,
      "_timeout": 2000
    }
  ],
  "meta": {
    "mocha": {
      "version": "7.2.0"
    },
    "mochawesome": {
      "options": {
        "quiet": false,
        "reportFilename": "mochawesome",
        "saveHtml": true,
        "saveJson": true,
        "consoleReporter": "spec",
        "useInlineDiffs": false,
        "code": true
      },
      "version": "7.1.4"
    },
    "marge": {
      "options": {
        "reportDir": "cypress/results",
        "overwrite": false,
        "html": true,
        "json": true,
        "charts": true
      },
      "version": "6.3.0"
    }
  }
}