{
  "stats": {
    "suites": 1,
    "tests": 5,
    "passes": 3,
    "pending": 0,
    "failures": 2,
    "start": "2025-10-20T13:11:12.070Z",
    "end": "2025-10-20T13:13:14.868Z",
    "duration": 122798,
    "testsRegistered": 5,
    "passPercent": 60,
    "pendingPercent": 0,
    "other": 0,
    "hasOther": false,
    "skipped": 0,
    "hasSkipped": false
  },
  "results": [
    {
      "uuid": "9468e85f-2300-44e7-b5a5-29e92eecc7eb",
      "title": "",
      "fullFile": "cypress\\e2e\\01-dropdown-navigation.cy.ts",
      "file": "cypress\\e2e\\01-dropdown-navigation.cy.ts",
      "beforeHooks": [],
      "afterHooks": [],
      "tests": [],
      "suites": [
        {
          "uuid": "24e6017a-a5da-4ad2-8098-154cd4930575",
          "title": "Products Dropdown Navigation",
          "fullFile": "",
          "file": "",
          "beforeHooks": [],
          "afterHooks": [],
          "tests": [
            {
              "title": "should display dropdown on hover",
              "fullTitle": "Products Dropdown Navigation should display dropdown on hover",
              "timedOut": null,
              "duration": 5577,
              "state": "passed",
              "speed": "medium",
              "pass": true,
              "fail": false,
              "pending": false,
              "context": null,
              "code": "// Hover over the Products button\ncy.get('header nav')\n    .contains('button', 'Products')\n    .trigger('mouseover');\n// Dropdown menu should appear with categories\ncy.get('header nav div.absolute')\n    .should('be.visible')\n    .and('contain.text', 'Spices');",
              "err": {},
              "uuid": "ea0edd3b-7436-493e-aafa-6c1d8d5b2f88",
              "parentUUID": "24e6017a-a5da-4ad2-8098-154cd4930575",
              "isHook": false,
              "skipped": false
            },
            {
              "title": "should keep dropdown open when moving mouse into it",
              "fullTitle": "Products Dropdown Navigation should keep dropdown open when moving mouse into it",
              "timedOut": null,
              "duration": 4150,
              "state": "passed",
              "speed": "fast",
              "pass": true,
              "fail": false,
              "pending": false,
              "context": null,
              "code": "// Hover over Products button\ncy.get('header nav')\n    .contains('button', 'Products')\n    .trigger('mouseover');\n// Wait for dropdown to appear\ncy.get('header nav div.absolute').should('be.visible');\n// Move mouse into dropdown area\ncy.get('header nav div.absolute').trigger('mouseover');\n// Wait 400ms (more than the 300ms delay)\ncy.wait(400);\n// Dropdown should still be visible\ncy.get('header nav div.absolute').should('be.visible');",
              "err": {},
              "uuid": "0f8db1cf-fd5e-42c6-a011-4c441234fddb",
              "parentUUID": "24e6017a-a5da-4ad2-8098-154cd4930575",
              "isHook": false,
              "skipped": false
            },
            {
              "title": "should navigate to category when clicked",
              "fullTitle": "Products Dropdown Navigation should navigate to category when clicked",
              "timedOut": null,
              "duration": 14143,
              "state": "failed",
              "speed": null,
              "pass": false,
              "fail": true,
              "pending": false,
              "context": null,
              "code": "// Hover and click Spices category\ncy.get('header nav')\n    .contains('button', 'Products')\n    .trigger('mouseover');\ncy.get('header nav div.absolute').within(() => {\n    cy.contains('button', 'Spices').click();\n});\n// Verify URL or page state changed\ncy.url().should('include', '#');\n// Wait for navigation and filtering\ncy.wait(1000);\n// Verify products section is visible\ncy.get('#products-section').should('be.visible');",
              "err": {
                "message": "AssertionError: Timed out retrying after 10000ms: expected 'http://localhost:3001/' to include '#'",
                "estack": "AssertionError: Timed out retrying after 10000ms: expected 'http://localhost:3001/' to include '#'\n    at Context.eval (webpack://tattva-co.---indian-gourmet-products/./cypress/e2e/01-dropdown-navigation.cy.ts:55:13)",
                "diff": null
              },
              "uuid": "276ac96c-bfcd-4dee-8695-58110faa0551",
              "parentUUID": "24e6017a-a5da-4ad2-8098-154cd4930575",
              "isHook": false,
              "skipped": false
            },
            {
              "title": "should test all categories",
              "fullTitle": "Products Dropdown Navigation should test all categories",
              "timedOut": null,
              "duration": 6436,
              "state": "passed",
              "speed": "medium",
              "pass": true,
              "fail": false,
              "pending": false,
              "context": null,
              "code": "const categories = ['Spices', 'Nuts', 'Dry Fruits', 'Beverages'];\ncategories.forEach(category => {\n    cy.get('header nav')\n        .contains('button', 'Products')\n        .trigger('mouseover');\n    cy.get('header nav div.absolute').within(() => {\n        cy.contains('button', category).should('be.visible');\n    });\n    // Reset for next iteration\n    cy.get('body').click(0, 0);\n    cy.wait(500);\n});",
              "err": {},
              "uuid": "63ffba6a-f8e2-457d-b9f0-ba99044ef70a",
              "parentUUID": "24e6017a-a5da-4ad2-8098-154cd4930575",
              "isHook": false,
              "skipped": false
            },
            {
              "title": "should close dropdown when clicking outside",
              "fullTitle": "Products Dropdown Navigation should close dropdown when clicking outside",
              "timedOut": null,
              "duration": 15297,
              "state": "failed",
              "speed": null,
              "pass": false,
              "fail": true,
              "pending": false,
              "context": null,
              "code": "cy.get('header nav')\n    .contains('button', 'Products')\n    .trigger('mouseover');\ncy.get('header nav div.absolute').should('be.visible');\n// Click outside\ncy.get('body').click(0, 0);\n// Wait for close animation\ncy.wait(400);\n// Dropdown should not exist in DOM (not just hidden)\ncy.get('header nav div.absolute').should('not.exist');",
              "err": {
                "message": "AssertionError: Timed out retrying after 10000ms: Expected <div.absolute.top-full.mt-2.w-48.bg-white.rounded-lg.shadow-lg.border.z-10.animate-fade-in-fast> not to exist in the DOM, but it was continuously found.",
                "estack": "AssertionError: Timed out retrying after 10000ms: Expected <div.absolute.top-full.mt-2.w-48.bg-white.rounded-lg.shadow-lg.border.z-10.animate-fade-in-fast> not to exist in the DOM, but it was continuously found.\n    at Context.eval (webpack://tattva-co.---indian-gourmet-products/./cypress/e2e/01-dropdown-navigation.cy.ts:96:38)",
                "diff": null
              },
              "uuid": "10865586-15fa-4cc7-9ed5-488f224f7bcb",
              "parentUUID": "24e6017a-a5da-4ad2-8098-154cd4930575",
              "isHook": false,
              "skipped": false
            }
          ],
          "suites": [],
          "passes": [
            "ea0edd3b-7436-493e-aafa-6c1d8d5b2f88",
            "0f8db1cf-fd5e-42c6-a011-4c441234fddb",
            "63ffba6a-f8e2-457d-b9f0-ba99044ef70a"
          ],
          "failures": [
            "276ac96c-bfcd-4dee-8695-58110faa0551",
            "10865586-15fa-4cc7-9ed5-488f224f7bcb"
          ],
          "pending": [],
          "skipped": [],
          "duration": 45603,
          "root": false,
          "rootEmpty": false,
          "_timeout": 2000
        }
      ],
      "passes": [],
      "failures": [],
      "pending": [],
      "skipped": [],
      "duration": 0,
      "root": true,
      "rootEmpty": true,
      "_timeout": 2000
    }
  ],
  "meta": {
    "mocha": {
      "version": "7.2.0"
    },
    "mochawesome": {
      "options": {
        "quiet": false,
        "reportFilename": "mochawesome",
        "saveHtml": true,
        "saveJson": true,
        "consoleReporter": "spec",
        "useInlineDiffs": false,
        "code": true
      },
      "version": "7.1.4"
    },
    "marge": {
      "options": {
        "reportDir": "cypress/results",
        "overwrite": false,
        "html": true,
        "json": true,
        "charts": true
      },
      "version": "6.3.0"
    }
  }
}