{
  "stats": {
    "suites": 1,
    "tests": 7,
    "passes": 1,
    "pending": 0,
    "failures": 6,
    "start": "2025-10-21T05:24:32.914Z",
    "end": "2025-10-21T05:31:59.935Z",
    "duration": 447021,
    "testsRegistered": 7,
    "passPercent": 14.285714285714285,
    "pendingPercent": 0,
    "other": 0,
    "hasOther": false,
    "skipped": 0,
    "hasSkipped": false
  },
  "results": [
    {
      "uuid": "9d2e7b7b-9deb-4426-ba16-144e094c0393",
      "title": "",
      "fullFile": "cypress\\e2e\\02-quiz-promo-codes.cy.ts",
      "file": "cypress\\e2e\\02-quiz-promo-codes.cy.ts",
      "beforeHooks": [],
      "afterHooks": [],
      "tests": [],
      "suites": [
        {
          "uuid": "fab552f4-181f-496a-a5a8-e68a8b492388",
          "title": "Quiz and Promo Code System",
          "fullFile": "",
          "file": "",
          "beforeHooks": [],
          "afterHooks": [],
          "tests": [
            {
              "title": "should display quiz with first question",
              "fullTitle": "Quiz and Promo Code System should display quiz with first question",
              "timedOut": null,
              "duration": 11661,
              "state": "passed",
              "speed": "slow",
              "pass": true,
              "fail": false,
              "pending": false,
              "context": null,
              "code": "cy.contains('Test Your Spice Knowledge').should('be.visible');\ncy.contains('Which of our spices gives biryani its beautiful golden hue?').should('be.visible');",
              "err": {},
              "uuid": "eb8788f2-af64-4573-b1f8-84a9387d11cd",
              "parentUUID": "fab552f4-181f-496a-a5a8-e68a8b492388",
              "isHook": false,
              "skipped": false
            },
            {
              "title": "should complete quiz with perfect score and get QUIZMASTER15 promo",
              "fullTitle": "Quiz and Promo Code System should complete quiz with perfect score and get QUIZMASTER15 promo",
              "timedOut": null,
              "duration": 18046,
              "state": "failed",
              "speed": null,
              "pass": false,
              "fail": true,
              "pending": false,
              "context": null,
              "code": "// Correct answers for all 8 questions\nconst correctAnswers = [\n    'Himalayan Saffron', // Q1\n    'Kerala', // Q2\n    'Gluten-Free', // Q3\n    'Cool, dry, and dark place', // Q4\n    'Increases cholesterol', // Q5\n    '1-2 years', // Q6\n    'Indians', // Q7\n    'All of the above' // Q8\n];\n// Answer each question\ncorrectAnswers.forEach((answer, index) => {\n    // Click the answer\n    cy.contains('button', answer).click();\n    // Wait for feedback animation to complete (motion.div has 0.2s delay)\n    cy.wait(600);\n    if (index < correctAnswers.length - 1) {\n        // Click \"Next Question\" button - wait for it to be visible first\n        cy.contains('button', 'Next Question').should('be.visible').click();\n        cy.wait(500);\n    }\n    else {\n        // Click \"Finish Quiz\" button for last question\n        cy.contains('button', 'Finish Quiz').should('be.visible').click();\n        cy.wait(1000);\n    }\n});\n// Verify results screen\ncy.contains('Quiz Completed!').should('be.visible');\ncy.contains('Perfect Score!').should('be.visible');\ncy.contains('8').should('be.visible'); // Score 8/8\n// Verify QUIZMASTER15 promo code\ncy.contains('QUIZMASTER15').should('be.visible');\ncy.contains('15% off').should('be.visible');",
              "err": {
                "message": "AssertionError: Timed out retrying after 10000ms: Expected to find content: 'Next Question' within the selector: 'button' but never did.",
                "estack": "AssertionError: Timed out retrying after 10000ms: Expected to find content: 'Next Question' within the selector: 'button' but never did.\n    at eval (webpack://tattva-co.---indian-gourmet-products/./cypress/e2e/02-quiz-promo-codes.cy.ts:43:47)\nat Array.forEach (<anonymous>)\n    at Context.eval (webpack://tattva-co.---indian-gourmet-products/./cypress/e2e/02-quiz-promo-codes.cy.ts:34:19)",
                "diff": null
              },
              "uuid": "93e0498c-d740-4d1b-b7b9-c94de7220e79",
              "parentUUID": "fab552f4-181f-496a-a5a8-e68a8b492388",
              "isHook": false,
              "skipped": false
            },
            {
              "title": "should complete quiz with 7/8 score and get SPICEFAN10 promo",
              "fullTitle": "Quiz and Promo Code System should complete quiz with 7/8 score and get SPICEFAN10 promo",
              "timedOut": null,
              "duration": 21441,
              "state": "failed",
              "speed": null,
              "pass": false,
              "fail": true,
              "pending": false,
              "context": null,
              "code": "// Answer 7 correctly, 1 wrong\nconst answers = [\n    'Himalayan Saffron', // Correct\n    'Kerala', // Correct\n    'Premium', // Wrong (should be Gluten-Free)\n    'Cool, dry, and dark place', // Correct\n    'Increases cholesterol', // Correct\n    '1-2 years', // Correct\n    'Indians', // Correct\n    'All of the above' // Correct\n];\nanswers.forEach((answer, index) => {\n    // Click the answer\n    cy.contains('button', answer).click();\n    // Wait for feedback animation to complete (motion.div has 0.2s delay)\n    cy.wait(600);\n    if (index < answers.length - 1) {\n        // Click \"Next Question\" button - wait for it to be visible first\n        cy.contains('button', 'Next Question').should('be.visible').click();\n        cy.wait(500);\n    }\n    else {\n        // Click \"Finish Quiz\" button for last question\n        cy.contains('button', 'Finish Quiz').should('be.visible').click();\n        cy.wait(1000);\n    }\n});\n// Verify results\ncy.contains('Quiz Completed!').should('be.visible');\ncy.contains('7').should('be.visible'); // Score 7/8\n// Verify SPICEFAN10 promo code\ncy.contains('SPICEFAN10').should('be.visible');\ncy.contains('10% off').should('be.visible');",
              "err": {
                "message": "AssertionError: Timed out retrying after 10000ms: Expected to find content: 'Next Question' within the selector: 'button' but never did.",
                "estack": "AssertionError: Timed out retrying after 10000ms: Expected to find content: 'Next Question' within the selector: 'button' but never did.\n    at eval (webpack://tattva-co.---indian-gourmet-products/./cypress/e2e/02-quiz-promo-codes.cy.ts:84:47)\nat Array.forEach (<anonymous>)\n    at Context.eval (webpack://tattva-co.---indian-gourmet-products/./cypress/e2e/02-quiz-promo-codes.cy.ts:75:12)",
                "diff": null
              },
              "uuid": "ba7f5a2a-c6c5-415c-b5a2-589240760597",
              "parentUUID": "fab552f4-181f-496a-a5a8-e68a8b492388",
              "isHook": false,
              "skipped": false
            },
            {
              "title": "should copy promo code to clipboard",
              "fullTitle": "Quiz and Promo Code System should copy promo code to clipboard",
              "timedOut": null,
              "duration": 19510,
              "state": "failed",
              "speed": null,
              "pass": false,
              "fail": true,
              "pending": false,
              "context": null,
              "code": "// Complete quiz quickly with correct answers\nconst correctAnswers = [\n    'Himalayan Saffron', 'Kerala', 'Gluten-Free', 'Cool, dry, and dark place',\n    'Increases cholesterol', '1-2 years', 'Indians', 'All of the above'\n];\ncorrectAnswers.forEach((answer, index) => {\n    cy.contains('button', answer).click();\n    cy.wait(600);\n    if (index < correctAnswers.length - 1) {\n        cy.contains('button', 'Next Question').should('be.visible').click();\n        cy.wait(500);\n    }\n    else {\n        cy.contains('button', 'Finish Quiz').should('be.visible').click();\n        cy.wait(1000);\n    }\n});\n// Wait for results screen\ncy.contains('Quiz Completed!').should('be.visible');\n// Click Copy Code button\ncy.contains('button', 'Copy Code').click();\n// Verify toast notification\ncy.contains('Promo code copied').should('be.visible');",
              "err": {
                "message": "AssertionError: Timed out retrying after 10000ms: Expected to find content: 'Next Question' within the selector: 'button' but never did.",
                "estack": "AssertionError: Timed out retrying after 10000ms: Expected to find content: 'Next Question' within the selector: 'button' but never did.\n    at eval (webpack://tattva-co.---indian-gourmet-products/./cypress/e2e/02-quiz-promo-codes.cy.ts:114:47)\nat Array.forEach (<anonymous>)\n    at Context.eval (webpack://tattva-co.---indian-gourmet-products/./cypress/e2e/02-quiz-promo-codes.cy.ts:109:19)",
                "diff": null
              },
              "uuid": "0c5cc63a-cb85-4615-b532-d8c285b1e2ed",
              "parentUUID": "fab552f4-181f-496a-a5a8-e68a8b492388",
              "isHook": false,
              "skipped": false
            },
            {
              "title": "should allow replay of quiz",
              "fullTitle": "Quiz and Promo Code System should allow replay of quiz",
              "timedOut": null,
              "duration": 19349,
              "state": "failed",
              "speed": null,
              "pass": false,
              "fail": true,
              "pending": false,
              "context": null,
              "code": "// Complete quiz with correct answers\nconst correctAnswers = [\n    'Himalayan Saffron', 'Kerala', 'Gluten-Free', 'Cool, dry, and dark place',\n    'Increases cholesterol', '1-2 years', 'Indians', 'All of the above'\n];\ncorrectAnswers.forEach((answer, index) => {\n    cy.contains('button', answer).click();\n    cy.wait(600);\n    if (index < correctAnswers.length - 1) {\n        cy.contains('button', 'Next Question').should('be.visible').click();\n        cy.wait(500);\n    }\n    else {\n        cy.contains('button', 'Finish Quiz').should('be.visible').click();\n        cy.wait(1000);\n    }\n});\n// Wait for results\ncy.contains('Quiz Completed!').should('be.visible');\n// Click Play Again\ncy.contains('button', 'Play Again').click();\n// Verify back to question 1\ncy.contains('Which of our spices gives biryani').should('be.visible');",
              "err": {
                "message": "AssertionError: Timed out retrying after 10000ms: Expected to find content: 'Next Question' within the selector: 'button' but never did.",
                "estack": "AssertionError: Timed out retrying after 10000ms: Expected to find content: 'Next Question' within the selector: 'button' but never did.\n    at eval (webpack://tattva-co.---indian-gourmet-products/./cypress/e2e/02-quiz-promo-codes.cy.ts:144:47)\nat Array.forEach (<anonymous>)\n    at Context.eval (webpack://tattva-co.---indian-gourmet-products/./cypress/e2e/02-quiz-promo-codes.cy.ts:139:19)",
                "diff": null
              },
              "uuid": "7a74737f-bc51-46a4-b2f8-ec2849040696",
              "parentUUID": "fab552f4-181f-496a-a5a8-e68a8b492388",
              "isHook": false,
              "skipped": false
            },
            {
              "title": "should display progress bar and stats",
              "fullTitle": "Quiz and Promo Code System should display progress bar and stats",
              "timedOut": null,
              "duration": 18954,
              "state": "failed",
              "speed": null,
              "pass": false,
              "fail": true,
              "pending": false,
              "context": null,
              "code": "// Answer all questions with correct answers\nconst correctAnswers = [\n    'Himalayan Saffron', 'Kerala', 'Gluten-Free', 'Cool, dry, and dark place',\n    'Increases cholesterol', '1-2 years', 'Indians', 'All of the above'\n];\ncorrectAnswers.forEach((answer, index) => {\n    cy.contains('button', answer).click();\n    cy.wait(600);\n    if (index < correctAnswers.length - 1) {\n        cy.contains('button', 'Next Question').should('be.visible').click();\n        cy.wait(500);\n    }\n    else {\n        cy.contains('button', 'Finish Quiz').should('be.visible').click();\n        cy.wait(1000);\n    }\n});\n// Verify results screen with stats\ncy.contains('Quiz Completed!').should('be.visible');\ncy.contains('8 / 8').should('be.visible'); // Score display\ncy.contains('Perfect Score!').should('be.visible');",
              "err": {
                "message": "AssertionError: Timed out retrying after 10000ms: Expected to find content: 'Next Question' within the selector: 'button' but never did.",
                "estack": "AssertionError: Timed out retrying after 10000ms: Expected to find content: 'Next Question' within the selector: 'button' but never did.\n    at eval (webpack://tattva-co.---indian-gourmet-products/./cypress/e2e/02-quiz-promo-codes.cy.ts:174:47)\nat Array.forEach (<anonymous>)\n    at Context.eval (webpack://tattva-co.---indian-gourmet-products/./cypress/e2e/02-quiz-promo-codes.cy.ts:169:19)",
                "diff": null
              },
              "uuid": "eb58f118-9b2d-4777-9e1e-aa3f9fd06a35",
              "parentUUID": "fab552f4-181f-496a-a5a8-e68a8b492388",
              "isHook": false,
              "skipped": false
            },
            {
              "title": "should apply promo code in checkout",
              "fullTitle": "Quiz and Promo Code System should apply promo code in checkout",
              "timedOut": null,
              "duration": 17388,
              "state": "failed",
              "speed": null,
              "pass": false,
              "fail": true,
              "pending": false,
              "context": null,
              "code": "// Complete quiz to get QUIZMASTER15 promo code\nconst correctAnswers = [\n    'Himalayan Saffron', 'Kerala', 'Gluten-Free', 'Cool, dry, and dark place',\n    'Increases cholesterol', '1-2 years', 'Indians', 'All of the above'\n];\ncorrectAnswers.forEach((answer, index) => {\n    cy.contains('button', answer).click();\n    cy.wait(600);\n    if (index < correctAnswers.length - 1) {\n        cy.contains('button', 'Next Question').should('be.visible').click();\n        cy.wait(500);\n    }\n    else {\n        cy.contains('button', 'Finish Quiz').should('be.visible').click();\n        cy.wait(1000);\n    }\n});\n// Verify promo code is displayed\ncy.contains('QUIZMASTER15').should('be.visible');\n// Store the promo code\nconst promoCode = 'QUIZMASTER15';\n// Add product to cart\ncy.visit('/');\ncy.wait(1000);\n// Find and click Add to Cart button\ncy.get('button').contains(/Add to Cart/i).first().click();\ncy.wait(1000);\n// Go to cart\ncy.get('a[href=\"#/cart\"], button').contains(/Cart/i).click();\ncy.wait(1000);\n// Go to checkout\ncy.contains('button', /Proceed to Checkout/i).click();\ncy.wait(1000);\n// Apply promo code using the custom command\ncy.applyPromoCode(promoCode);\n// Verify discount applied\ncy.contains('15% off').should('be.visible');",
              "err": {
                "message": "AssertionError: Timed out retrying after 10000ms: Expected to find content: 'Next Question' within the selector: 'button' but never did.",
                "estack": "AssertionError: Timed out retrying after 10000ms: Expected to find content: 'Next Question' within the selector: 'button' but never did.\n    at eval (webpack://tattva-co.---indian-gourmet-products/./cypress/e2e/02-quiz-promo-codes.cy.ts:200:47)\nat Array.forEach (<anonymous>)\n    at Context.eval (webpack://tattva-co.---indian-gourmet-products/./cypress/e2e/02-quiz-promo-codes.cy.ts:195:19)",
                "diff": null
              },
              "uuid": "251e2e01-ab6a-45de-9a29-321268424b3c",
              "parentUUID": "fab552f4-181f-496a-a5a8-e68a8b492388",
              "isHook": false,
              "skipped": false
            }
          ],
          "suites": [],
          "passes": [
            "eb8788f2-af64-4573-b1f8-84a9387d11cd"
          ],
          "failures": [
            "93e0498c-d740-4d1b-b7b9-c94de7220e79",
            "ba7f5a2a-c6c5-415c-b5a2-589240760597",
            "0c5cc63a-cb85-4615-b532-d8c285b1e2ed",
            "7a74737f-bc51-46a4-b2f8-ec2849040696",
            "eb58f118-9b2d-4777-9e1e-aa3f9fd06a35",
            "251e2e01-ab6a-45de-9a29-321268424b3c"
          ],
          "pending": [],
          "skipped": [],
          "duration": 126349,
          "root": false,
          "rootEmpty": false,
          "_timeout": 2000
        }
      ],
      "passes": [],
      "failures": [],
      "pending": [],
      "skipped": [],
      "duration": 0,
      "root": true,
      "rootEmpty": true,
      "_timeout": 2000
    }
  ],
  "meta": {
    "mocha": {
      "version": "7.2.0"
    },
    "mochawesome": {
      "options": {
        "quiet": false,
        "reportFilename": "mochawesome",
        "saveHtml": true,
        "saveJson": true,
        "consoleReporter": "spec",
        "useInlineDiffs": false,
        "code": true
      },
      "version": "7.1.4"
    },
    "marge": {
      "options": {
        "reportDir": "cypress/results",
        "overwrite": false,
        "html": true,
        "json": true,
        "charts": true
      },
      "version": "6.3.0"
    }
  }
}