{
  "stats": {
    "suites": 1,
    "tests": 7,
    "passes": 1,
    "pending": 0,
    "failures": 6,
    "start": "2025-10-21T04:46:01.530Z",
    "end": "2025-10-21T04:51:32.221Z",
    "duration": 330691,
    "testsRegistered": 7,
    "passPercent": 14.285714285714285,
    "pendingPercent": 0,
    "other": 0,
    "hasOther": false,
    "skipped": 0,
    "hasSkipped": false
  },
  "results": [
    {
      "uuid": "43135d28-80b1-4353-b142-46b130711bd4",
      "title": "",
      "fullFile": "cypress\\e2e\\02-quiz-promo-codes.cy.ts",
      "file": "cypress\\e2e\\02-quiz-promo-codes.cy.ts",
      "beforeHooks": [],
      "afterHooks": [],
      "tests": [],
      "suites": [
        {
          "uuid": "7eee49ab-1585-41b6-86eb-6fc21a462906",
          "title": "Quiz and Promo Code System",
          "fullFile": "",
          "file": "",
          "beforeHooks": [],
          "afterHooks": [],
          "tests": [
            {
              "title": "should display quiz with first question",
              "fullTitle": "Quiz and Promo Code System should display quiz with first question",
              "timedOut": null,
              "duration": 7789,
              "state": "passed",
              "speed": "medium",
              "pass": true,
              "fail": false,
              "pending": false,
              "context": null,
              "code": "cy.contains('Test Your Spice Knowledge').should('be.visible');\ncy.contains('Which of our spices gives biryani its beautiful golden hue?').should('be.visible');",
              "err": {},
              "uuid": "80566c9a-50da-45ea-ab54-deb88dfc0c8e",
              "parentUUID": "7eee49ab-1585-41b6-86eb-6fc21a462906",
              "isHook": false,
              "skipped": false
            },
            {
              "title": "should complete quiz with perfect score and get QUIZMASTER15 promo",
              "fullTitle": "Quiz and Promo Code System should complete quiz with perfect score and get QUIZMASTER15 promo",
              "timedOut": null,
              "duration": 13647,
              "state": "failed",
              "speed": null,
              "pass": false,
              "fail": true,
              "pending": false,
              "context": null,
              "code": "// Correct answers for all 8 questions\nconst correctAnswers = [\n    'Himalayan Saffron', // Q1\n    'Kerala', // Q2\n    'Gluten-Free', // Q3\n    'Cool, dry, and dark place', // Q4\n    'Increases cholesterol', // Q5\n    '1-2 years', // Q6\n    'Indians', // Q7\n    'All of the above' // Q8\n];\n// Answer each question\ncorrectAnswers.forEach((answer, index) => {\n    cy.contains('button', answer).click();\n    if (index < correctAnswers.length - 1) {\n        cy.contains('button', 'Next').click();\n        cy.wait(500);\n    }\n});\n// Verify results screen\ncy.contains('Quiz Completed!').should('be.visible');\ncy.contains('Perfect Score!').should('be.visible');\ncy.contains('8').should('be.visible'); // Score 8/8\n// Verify QUIZMASTER15 promo code\ncy.contains('QUIZMASTER15').should('be.visible');\ncy.contains('15% off').should('be.visible');",
              "err": {
                "message": "AssertionError: Timed out retrying after 10000ms: Expected to find content: 'Kerala' within the selector: 'button' but never did.",
                "estack": "AssertionError: Timed out retrying after 10000ms: Expected to find content: 'Kerala' within the selector: 'button' but never did.\n    at eval (webpack://tattva-co.---indian-gourmet-products/./cypress/e2e/02-quiz-promo-codes.cy.ts:35:9)\nat Array.forEach (<anonymous>)\n    at Context.eval (webpack://tattva-co.---indian-gourmet-products/./cypress/e2e/02-quiz-promo-codes.cy.ts:34:19)",
                "diff": null
              },
              "uuid": "11005f13-4283-43fb-bcb0-e370558e108f",
              "parentUUID": "7eee49ab-1585-41b6-86eb-6fc21a462906",
              "isHook": false,
              "skipped": false
            },
            {
              "title": "should complete quiz with 7/8 score and get SPICEFAN10 promo",
              "fullTitle": "Quiz and Promo Code System should complete quiz with 7/8 score and get SPICEFAN10 promo",
              "timedOut": null,
              "duration": 14318,
              "state": "failed",
              "speed": null,
              "pass": false,
              "fail": true,
              "pending": false,
              "context": null,
              "code": "// Answer 7 correctly, 1 wrong\nconst answers = [\n    'Himalayan Saffron', // Correct\n    'Kerala', // Correct\n    'Premium', // Wrong (should be Gluten-Free)\n    'Cool, dry, and dark place', // Correct\n    'Increases cholesterol', // Correct\n    '1-2 years', // Correct\n    'Indians', // Correct\n    'All of the above' // Correct\n];\nanswers.forEach((answer, index) => {\n    cy.contains('button', answer).click();\n    if (index < answers.length - 1) {\n        cy.contains('button', 'Next').click();\n        cy.wait(500);\n    }\n});\n// Verify results\ncy.contains('Quiz Completed!').should('be.visible');\ncy.contains('7').should('be.visible'); // Score 7/8\n// Verify SPICEFAN10 promo code\ncy.contains('SPICEFAN10').should('be.visible');\ncy.contains('10% off').should('be.visible');",
              "err": {
                "message": "AssertionError: Timed out retrying after 10000ms: Expected to find content: 'Kerala' within the selector: 'button' but never did.",
                "estack": "AssertionError: Timed out retrying after 10000ms: Expected to find content: 'Kerala' within the selector: 'button' but never did.\n    at eval (webpack://tattva-co.---indian-gourmet-products/./cypress/e2e/02-quiz-promo-codes.cy.ts:67:9)\nat Array.forEach (<anonymous>)\n    at Context.eval (webpack://tattva-co.---indian-gourmet-products/./cypress/e2e/02-quiz-promo-codes.cy.ts:66:12)",
                "diff": null
              },
              "uuid": "f9921427-aa30-45c1-8f02-914de8161d48",
              "parentUUID": "7eee49ab-1585-41b6-86eb-6fc21a462906",
              "isHook": false,
              "skipped": false
            },
            {
              "title": "should copy promo code to clipboard",
              "fullTitle": "Quiz and Promo Code System should copy promo code to clipboard",
              "timedOut": null,
              "duration": 12698,
              "state": "failed",
              "speed": null,
              "pass": false,
              "fail": true,
              "pending": false,
              "context": null,
              "code": "// Complete quiz quickly\nfor (let i = 0; i < 8; i++) {\n    cy.get('[class*=\"quiz\"]').within(() => {\n        cy.get('button').contains(/Himalayan|Kerala|Gluten|Cool|Increases|1-2|Indians|All/).first().click();\n    });\n    if (i < 7) {\n        cy.contains('button', 'Next').click();\n    }\n    cy.wait(300);\n}\n// Click Copy Code button\ncy.contains('button', 'Copy Code').click();\n// Verify toast notification\ncy.contains('Promo code copied').should('be.visible');",
              "err": {
                "message": "AssertionError: Timed out retrying after 10000ms: Expected to find element: `[class*=\"quiz\"]`, but never found it.",
                "estack": "AssertionError: Timed out retrying after 10000ms: Expected to find element: `[class*=\"quiz\"]`, but never found it.\n    at Context.eval (webpack://tattva-co.---indian-gourmet-products/./cypress/e2e/02-quiz-promo-codes.cy.ts:87:9)",
                "diff": null
              },
              "uuid": "de6ad039-f549-46dc-b097-f020a84dd410",
              "parentUUID": "7eee49ab-1585-41b6-86eb-6fc21a462906",
              "isHook": false,
              "skipped": false
            },
            {
              "title": "should allow replay of quiz",
              "fullTitle": "Quiz and Promo Code System should allow replay of quiz",
              "timedOut": null,
              "duration": 12555,
              "state": "failed",
              "speed": null,
              "pass": false,
              "fail": true,
              "pending": false,
              "context": null,
              "code": "// Complete quiz\nfor (let i = 0; i < 8; i++) {\n    cy.get('[class*=\"quiz\"]').within(() => {\n        cy.get('button').contains(/button/i).first().click();\n    });\n    if (i < 7) {\n        cy.contains('button', 'Next').click();\n    }\n    cy.wait(300);\n}\n// Click Play Again\ncy.contains('button', 'Play Again').click();\n// Verify back to question 1\ncy.contains('Which of our spices gives biryani').should('be.visible');",
              "err": {
                "message": "AssertionError: Timed out retrying after 10000ms: Expected to find element: `[class*=\"quiz\"]`, but never found it.",
                "estack": "AssertionError: Timed out retrying after 10000ms: Expected to find element: `[class*=\"quiz\"]`, but never found it.\n    at Context.eval (webpack://tattva-co.---indian-gourmet-products/./cypress/e2e/02-quiz-promo-codes.cy.ts:107:9)",
                "diff": null
              },
              "uuid": "78d0c93e-0d88-4819-8bef-c425a54013f5",
              "parentUUID": "7eee49ab-1585-41b6-86eb-6fc21a462906",
              "isHook": false,
              "skipped": false
            },
            {
              "title": "should display progress bar and stats",
              "fullTitle": "Quiz and Promo Code System should display progress bar and stats",
              "timedOut": null,
              "duration": 12564,
              "state": "failed",
              "speed": null,
              "pass": false,
              "fail": true,
              "pending": false,
              "context": null,
              "code": "// Answer all questions\nfor (let i = 0; i < 8; i++) {\n    cy.get('[class*=\"quiz\"]').within(() => {\n        cy.get('button').first().click();\n    });\n    if (i < 7) {\n        cy.contains('button', 'Next').click();\n    }\n    cy.wait(300);\n}\n// Check for progress bar\ncy.get('[class*=\"progress\"]').should('exist');\n// Check for stats\ncy.contains(/\\d+ Correct/).should('be.visible');\ncy.contains(/\\d+ Wrong/).should('be.visible');\ncy.contains(/Points Earned/).should('be.visible');",
              "err": {
                "message": "AssertionError: Timed out retrying after 10000ms: Expected to find element: `[class*=\"quiz\"]`, but never found it.",
                "estack": "AssertionError: Timed out retrying after 10000ms: Expected to find element: `[class*=\"quiz\"]`, but never found it.\n    at Context.eval (webpack://tattva-co.---indian-gourmet-products/./cypress/e2e/02-quiz-promo-codes.cy.ts:127:9)",
                "diff": null
              },
              "uuid": "6f422c40-c1a4-447e-b576-523b9ad778ab",
              "parentUUID": "7eee49ab-1585-41b6-86eb-6fc21a462906",
              "isHook": false,
              "skipped": false
            },
            {
              "title": "should apply promo code in checkout",
              "fullTitle": "Quiz and Promo Code System should apply promo code in checkout",
              "timedOut": null,
              "duration": 12343,
              "state": "failed",
              "speed": null,
              "pass": false,
              "fail": true,
              "pending": false,
              "context": null,
              "code": "// Complete quiz to get promo code\nfor (let i = 0; i < 8; i++) {\n    cy.get('[class*=\"quiz\"]').within(() => {\n        cy.get('button').contains(/Himalayan|Kerala|Gluten|Cool|Increases|1-2|Indians|All/).first().click();\n    });\n    if (i < 7) {\n        cy.contains('button', 'Next').click();\n    }\n    cy.wait(300);\n}\n// Get the promo code text\ncy.contains(/QUIZMASTER15|SPICEFAN10/).then(($el) => {\n    const promoCode = $el.text().trim();\n    // Add product to cart\n    cy.visit('/');\n    cy.get('.product-card').first().within(() => {\n        cy.contains('button', /Add to Cart/i).click({ force: true });\n    });\n    cy.wait(1000);\n    // Go to checkout\n    cy.get('[href*=\"checkout\"], [href=\"#/checkout\"]').first().click({ force: true });\n    cy.wait(1000);\n    // Apply promo code\n    cy.get('input[placeholder*=\"promo\" i], input[placeholder*=\"code\" i]')\n        .clear()\n        .type(promoCode);\n    cy.get('button').contains(/apply/i).click();\n    // Verify discount applied\n    cy.contains(/Promo code applied|discount/i).should('be.visible');\n});",
              "err": {
                "message": "AssertionError: Timed out retrying after 10000ms: Expected to find element: `[class*=\"quiz\"]`, but never found it.",
                "estack": "AssertionError: Timed out retrying after 10000ms: Expected to find element: `[class*=\"quiz\"]`, but never found it.\n    at Context.eval (webpack://tattva-co.---indian-gourmet-products/./cypress/e2e/02-quiz-promo-codes.cy.ts:149:9)",
                "diff": null
              },
              "uuid": "3f1f2fa2-dc3d-4834-b408-ab51e50bb6fb",
              "parentUUID": "7eee49ab-1585-41b6-86eb-6fc21a462906",
              "isHook": false,
              "skipped": false
            }
          ],
          "suites": [],
          "passes": [
            "80566c9a-50da-45ea-ab54-deb88dfc0c8e"
          ],
          "failures": [
            "11005f13-4283-43fb-bcb0-e370558e108f",
            "f9921427-aa30-45c1-8f02-914de8161d48",
            "de6ad039-f549-46dc-b097-f020a84dd410",
            "78d0c93e-0d88-4819-8bef-c425a54013f5",
            "6f422c40-c1a4-447e-b576-523b9ad778ab",
            "3f1f2fa2-dc3d-4834-b408-ab51e50bb6fb"
          ],
          "pending": [],
          "skipped": [],
          "duration": 85914,
          "root": false,
          "rootEmpty": false,
          "_timeout": 2000
        }
      ],
      "passes": [],
      "failures": [],
      "pending": [],
      "skipped": [],
      "duration": 0,
      "root": true,
      "rootEmpty": true,
      "_timeout": 2000
    }
  ],
  "meta": {
    "mocha": {
      "version": "7.2.0"
    },
    "mochawesome": {
      "options": {
        "quiet": false,
        "reportFilename": "mochawesome",
        "saveHtml": true,
        "saveJson": true,
        "consoleReporter": "spec",
        "useInlineDiffs": false,
        "code": true
      },
      "version": "7.1.4"
    },
    "marge": {
      "options": {
        "reportDir": "cypress/results",
        "overwrite": false,
        "html": true,
        "json": true,
        "charts": true
      },
      "version": "6.3.0"
    }
  }
}