{
  "stats": {
    "suites": 1,
    "tests": 4,
    "passes": 4,
    "pending": 0,
    "failures": 0,
    "start": "2025-10-20T13:18:40.240Z",
    "end": "2025-10-20T13:18:59.795Z",
    "duration": 19555,
    "testsRegistered": 4,
    "passPercent": 100,
    "pendingPercent": 0,
    "other": 0,
    "hasOther": false,
    "skipped": 0,
    "hasSkipped": false
  },
  "results": [
    {
      "uuid": "d57493eb-ef05-4c7d-9f67-a25b95414a78",
      "title": "",
      "fullFile": "cypress\\e2e\\01-dropdown-navigation.cy.ts",
      "file": "cypress\\e2e\\01-dropdown-navigation.cy.ts",
      "beforeHooks": [],
      "afterHooks": [],
      "tests": [],
      "suites": [
        {
          "uuid": "93258fbe-8e90-417d-a922-40780a5cac20",
          "title": "Products Dropdown Navigation",
          "fullFile": "",
          "file": "",
          "beforeHooks": [],
          "afterHooks": [],
          "tests": [
            {
              "title": "should display dropdown on hover",
              "fullTitle": "Products Dropdown Navigation should display dropdown on hover",
              "timedOut": null,
              "duration": 5328,
              "state": "passed",
              "speed": "medium",
              "pass": true,
              "fail": false,
              "pending": false,
              "context": null,
              "code": "// Hover over the Products button\ncy.get('header nav')\n    .contains('button', 'Products')\n    .trigger('mouseover');\n// Dropdown menu should appear with categories\ncy.get('header nav div.absolute')\n    .should('be.visible')\n    .and('contain.text', 'Spices');",
              "err": {},
              "uuid": "c24f7627-fc1c-4165-a455-277e7705f340",
              "parentUUID": "93258fbe-8e90-417d-a922-40780a5cac20",
              "isHook": false,
              "skipped": false
            },
            {
              "title": "should keep dropdown open when moving mouse into it",
              "fullTitle": "Products Dropdown Navigation should keep dropdown open when moving mouse into it",
              "timedOut": null,
              "duration": 3830,
              "state": "passed",
              "speed": "fast",
              "pass": true,
              "fail": false,
              "pending": false,
              "context": null,
              "code": "// Hover over Products button\ncy.get('header nav')\n    .contains('button', 'Products')\n    .trigger('mouseover');\n// Wait for dropdown to appear\ncy.get('header nav div.absolute').should('be.visible');\n// Move mouse into dropdown area\ncy.get('header nav div.absolute').trigger('mouseover');\n// Wait 400ms (more than the 300ms delay)\ncy.wait(400);\n// Dropdown should still be visible\ncy.get('header nav div.absolute').should('be.visible');",
              "err": {},
              "uuid": "0f82f4f4-d24e-4fee-9491-f87337ff97a6",
              "parentUUID": "93258fbe-8e90-417d-a922-40780a5cac20",
              "isHook": false,
              "skipped": false
            },
            {
              "title": "should navigate to category when clicked",
              "fullTitle": "Products Dropdown Navigation should navigate to category when clicked",
              "timedOut": null,
              "duration": 3994,
              "state": "passed",
              "speed": "fast",
              "pass": true,
              "fail": false,
              "pending": false,
              "context": null,
              "code": "// Hover and click Spices category\ncy.get('header nav')\n    .contains('button', 'Products')\n    .trigger('mouseover');\ncy.get('header nav div.absolute').within(() => {\n    cy.contains('button', 'Spices').click();\n});\n// Wait for navigation and filtering\ncy.wait(1000);\n// Verify products section is visible\ncy.get('#products-section').should('be.visible');",
              "err": {},
              "uuid": "e7e2dd3c-517e-452f-ba3f-ad0704a7ced2",
              "parentUUID": "93258fbe-8e90-417d-a922-40780a5cac20",
              "isHook": false,
              "skipped": false
            },
            {
              "title": "should test all categories",
              "fullTitle": "Products Dropdown Navigation should test all categories",
              "timedOut": null,
              "duration": 5860,
              "state": "passed",
              "speed": "medium",
              "pass": true,
              "fail": false,
              "pending": false,
              "context": null,
              "code": "const categories = ['Spices', 'Nuts', 'Dry Fruits', 'Beverages'];\ncategories.forEach(category => {\n    cy.get('header nav')\n        .contains('button', 'Products')\n        .trigger('mouseover');\n    cy.get('header nav div.absolute').within(() => {\n        cy.contains('button', category).should('be.visible');\n    });\n    // Reset for next iteration - trigger mouseleave\n    cy.get('header nav > div.relative').trigger('mouseleave');\n    cy.wait(500);\n});",
              "err": {},
              "uuid": "9eafa427-5fdb-472e-a19e-caf67d91771a",
              "parentUUID": "93258fbe-8e90-417d-a922-40780a5cac20",
              "isHook": false,
              "skipped": false
            }
          ],
          "suites": [],
          "passes": [
            "c24f7627-fc1c-4165-a455-277e7705f340",
            "0f82f4f4-d24e-4fee-9491-f87337ff97a6",
            "e7e2dd3c-517e-452f-ba3f-ad0704a7ced2",
            "9eafa427-5fdb-472e-a19e-caf67d91771a"
          ],
          "failures": [],
          "pending": [],
          "skipped": [],
          "duration": 19012,
          "root": false,
          "rootEmpty": false,
          "_timeout": 2000
        }
      ],
      "passes": [],
      "failures": [],
      "pending": [],
      "skipped": [],
      "duration": 0,
      "root": true,
      "rootEmpty": true,
      "_timeout": 2000
    }
  ],
  "meta": {
    "mocha": {
      "version": "7.2.0"
    },
    "mochawesome": {
      "options": {
        "quiet": false,
        "reportFilename": "mochawesome",
        "saveHtml": true,
        "saveJson": true,
        "consoleReporter": "spec",
        "useInlineDiffs": false,
        "code": true
      },
      "version": "7.1.4"
    },
    "marge": {
      "options": {
        "reportDir": "cypress/results",
        "overwrite": false,
        "html": true,
        "json": true,
        "charts": true
      },
      "version": "6.3.0"
    }
  }
}