{
  "stats": {
    "suites": 1,
    "tests": 5,
    "passes": 4,
    "pending": 0,
    "failures": 1,
    "start": "2025-10-20T13:16:29.912Z",
    "end": "2025-10-20T13:17:42.693Z",
    "duration": 72781,
    "testsRegistered": 5,
    "passPercent": 80,
    "pendingPercent": 0,
    "other": 0,
    "hasOther": false,
    "skipped": 0,
    "hasSkipped": false
  },
  "results": [
    {
      "uuid": "62c299c3-8b74-43ca-91bf-4188d5f656ec",
      "title": "",
      "fullFile": "cypress\\e2e\\01-dropdown-navigation.cy.ts",
      "file": "cypress\\e2e\\01-dropdown-navigation.cy.ts",
      "beforeHooks": [],
      "afterHooks": [],
      "tests": [],
      "suites": [
        {
          "uuid": "c17a9584-e6ac-48bd-a2ca-48c50b606991",
          "title": "Products Dropdown Navigation",
          "fullFile": "",
          "file": "",
          "beforeHooks": [],
          "afterHooks": [],
          "tests": [
            {
              "title": "should display dropdown on hover",
              "fullTitle": "Products Dropdown Navigation should display dropdown on hover",
              "timedOut": null,
              "duration": 5630,
              "state": "passed",
              "speed": "medium",
              "pass": true,
              "fail": false,
              "pending": false,
              "context": null,
              "code": "// Hover over the Products button\ncy.get('header nav')\n    .contains('button', 'Products')\n    .trigger('mouseover');\n// Dropdown menu should appear with categories\ncy.get('header nav div.absolute')\n    .should('be.visible')\n    .and('contain.text', 'Spices');",
              "err": {},
              "uuid": "3fa2493f-d6a9-4b2f-80ca-afc2e9642c57",
              "parentUUID": "c17a9584-e6ac-48bd-a2ca-48c50b606991",
              "isHook": false,
              "skipped": false
            },
            {
              "title": "should keep dropdown open when moving mouse into it",
              "fullTitle": "Products Dropdown Navigation should keep dropdown open when moving mouse into it",
              "timedOut": null,
              "duration": 4024,
              "state": "passed",
              "speed": "fast",
              "pass": true,
              "fail": false,
              "pending": false,
              "context": null,
              "code": "// Hover over Products button\ncy.get('header nav')\n    .contains('button', 'Products')\n    .trigger('mouseover');\n// Wait for dropdown to appear\ncy.get('header nav div.absolute').should('be.visible');\n// Move mouse into dropdown area\ncy.get('header nav div.absolute').trigger('mouseover');\n// Wait 400ms (more than the 300ms delay)\ncy.wait(400);\n// Dropdown should still be visible\ncy.get('header nav div.absolute').should('be.visible');",
              "err": {},
              "uuid": "ecfb3d42-41e8-4627-b847-78753f3a426c",
              "parentUUID": "c17a9584-e6ac-48bd-a2ca-48c50b606991",
              "isHook": false,
              "skipped": false
            },
            {
              "title": "should navigate to category when clicked",
              "fullTitle": "Products Dropdown Navigation should navigate to category when clicked",
              "timedOut": null,
              "duration": 4852,
              "state": "passed",
              "speed": "fast",
              "pass": true,
              "fail": false,
              "pending": false,
              "context": null,
              "code": "// Hover and click Spices category\ncy.get('header nav')\n    .contains('button', 'Products')\n    .trigger('mouseover');\ncy.get('header nav div.absolute').within(() => {\n    cy.contains('button', 'Spices').click();\n});\n// Wait for navigation and filtering\ncy.wait(1000);\n// Verify products section is visible\ncy.get('#products-section').should('be.visible');",
              "err": {},
              "uuid": "4c2106f6-e96f-4183-8cd7-39853145b39e",
              "parentUUID": "c17a9584-e6ac-48bd-a2ca-48c50b606991",
              "isHook": false,
              "skipped": false
            },
            {
              "title": "should test all categories",
              "fullTitle": "Products Dropdown Navigation should test all categories",
              "timedOut": null,
              "duration": 6197,
              "state": "passed",
              "speed": "medium",
              "pass": true,
              "fail": false,
              "pending": false,
              "context": null,
              "code": "const categories = ['Spices', 'Nuts', 'Dry Fruits', 'Beverages'];\ncategories.forEach(category => {\n    cy.get('header nav')\n        .contains('button', 'Products')\n        .trigger('mouseover');\n    cy.get('header nav div.absolute').within(() => {\n        cy.contains('button', category).should('be.visible');\n    });\n    // Reset for next iteration\n    cy.get('body').click(0, 0);\n    cy.wait(500);\n});",
              "err": {},
              "uuid": "4afe4d1e-8e19-4ea5-997b-932d4eb0794d",
              "parentUUID": "c17a9584-e6ac-48bd-a2ca-48c50b606991",
              "isHook": false,
              "skipped": false
            },
            {
              "title": "should close dropdown when mouse leaves",
              "fullTitle": "Products Dropdown Navigation should close dropdown when mouse leaves",
              "timedOut": null,
              "duration": 12977,
              "state": "failed",
              "speed": null,
              "pass": false,
              "fail": true,
              "pending": false,
              "context": null,
              "code": "// Hover over Products button\ncy.get('header nav')\n    .contains('button', 'Products')\n    .trigger('mouseover');\n// Dropdown should be visible\ncy.get('header nav div.absolute').should('be.visible');\n// Move mouse completely away from dropdown area\ncy.get('body').trigger('mousemove', { clientX: 0, clientY: 0 });\n// Also trigger mouseleave on the dropdown container\ncy.get('header nav > div.relative').trigger('mouseleave');\n// Wait for close delay (300ms + buffer)\ncy.wait(500);\n// Dropdown should not exist in DOM\ncy.get('header nav div.absolute').should('not.exist');",
              "err": {
                "message": "CypressError: Timed out retrying after 10000ms: `cy.trigger()` failed because the center of this element is hidden from view:\n\n`<body class=\"bg-white text-brand-dark font-sans\" style=\"overflow: unset;\">...</body>`\n\nFix this problem, or use `{force: true}` to disable error checking.\n\nhttps://on.cypress.io/element-cannot-be-interacted-with",
                "estack": "CypressError: Timed out retrying after 10000ms: `cy.trigger()` failed because the center of this element is hidden from view:\n\n`<body class=\"bg-white text-brand-dark font-sans\" style=\"overflow: unset;\">...</body>`\n\nFix this problem, or use `{force: true}` to disable error checking.\n\nhttps://on.cypress.io/element-cannot-be-interacted-with\n    at ensureIsDescendent (http://localhost:3001/__cypress/runner/cypress_runner.js:114636:66)\n    at ensureDescendents (http://localhost:3001/__cypress/runner/cypress_runner.js:114672:5)\n    at ensureDescendentsAndScroll (http://localhost:3001/__cypress/runner/cypress_runner.js:114678:14)\n    at ensureElIsNotCovered (http://localhost:3001/__cypress/runner/cypress_runner.js:114809:5)\n    at runAllChecks (http://localhost:3001/__cypress/runner/cypress_runner.js:115008:52)\n    at retryActionability (http://localhost:3001/__cypress/runner/cypress_runner.js:115045:16)\n    at tryCatcher (http://localhost:3001/__cypress/runner/cypress_runner.js:1777:23)\n    at Promise.attempt.Promise.try (http://localhost:3001/__cypress/runner/cypress_runner.js:4285:29)\n    at whenStable (http://localhost:3001/__cypress/runner/cypress_runner.js:151252:68)\n    at <unknown> (http://localhost:3001/__cypress/runner/cypress_runner.js:151193:14)\n    at tryCatcher (http://localhost:3001/__cypress/runner/cypress_runner.js:1777:23)\n    at Promise._settlePromiseFromHandler (http://localhost:3001/__cypress/runner/cypress_runner.js:1489:31)\n    at Promise._settlePromise (http://localhost:3001/__cypress/runner/cypress_runner.js:1546:18)\n    at Promise._settlePromise0 (http://localhost:3001/__cypress/runner/cypress_runner.js:1591:10)\n    at Promise._settlePromises (http://localhost:3001/__cypress/runner/cypress_runner.js:1671:18)\n    at Promise._fulfill (http://localhost:3001/__cypress/runner/cypress_runner.js:1615:18)\n    at <unknown> (http://localhost:3001/__cypress/runner/cypress_runner.js:5420:46)",
                "diff": null
              },
              "uuid": "0d3c232e-cc29-43b0-8094-56b42dabdc36",
              "parentUUID": "c17a9584-e6ac-48bd-a2ca-48c50b606991",
              "isHook": false,
              "skipped": false
            }
          ],
          "suites": [],
          "passes": [
            "3fa2493f-d6a9-4b2f-80ca-afc2e9642c57",
            "ecfb3d42-41e8-4627-b847-78753f3a426c",
            "4c2106f6-e96f-4183-8cd7-39853145b39e",
            "4afe4d1e-8e19-4ea5-997b-932d4eb0794d"
          ],
          "failures": [
            "0d3c232e-cc29-43b0-8094-56b42dabdc36"
          ],
          "pending": [],
          "skipped": [],
          "duration": 33680,
          "root": false,
          "rootEmpty": false,
          "_timeout": 2000
        }
      ],
      "passes": [],
      "failures": [],
      "pending": [],
      "skipped": [],
      "duration": 0,
      "root": true,
      "rootEmpty": true,
      "_timeout": 2000
    }
  ],
  "meta": {
    "mocha": {
      "version": "7.2.0"
    },
    "mochawesome": {
      "options": {
        "quiet": false,
        "reportFilename": "mochawesome",
        "saveHtml": true,
        "saveJson": true,
        "consoleReporter": "spec",
        "useInlineDiffs": false,
        "code": true
      },
      "version": "7.1.4"
    },
    "marge": {
      "options": {
        "reportDir": "cypress/results",
        "overwrite": false,
        "html": true,
        "json": true,
        "charts": true
      },
      "version": "6.3.0"
    }
  }
}